<?xml version="1.0" encoding="UTF-8" standalone="yes"?><!DOCTYPE report PUBLIC "-//JACOCO//DTD Report 1.1//EN" "report.dtd"><report name="TDD"><sessioninfo id="LAPTOP-JRMJFTHU-ed6fce9d" start="1611820572845" dump="1611820574132"/><package name="com/myapp/tdd/junit5"><class name="com/myapp/tdd/junit5/Passenger" sourcefilename="Passenger.java"><method name="&lt;init&gt;" desc="(Ljava/lang/String;Z)V" line="7"><counter type="INSTRUCTION" missed="0" covered="9"/><counter type="LINE" missed="0" covered="4"/><counter type="COMPLEXITY" missed="0" covered="1"/><counter type="METHOD" missed="0" covered="1"/></method><method name="getName" desc="()Ljava/lang/String;" line="12"><counter type="INSTRUCTION" missed="3" covered="0"/><counter type="LINE" missed="1" covered="0"/><counter type="COMPLEXITY" missed="1" covered="0"/><counter type="METHOD" missed="1" covered="0"/></method><method name="setName" desc="(Ljava/lang/String;)V" line="15"><counter type="INSTRUCTION" missed="4" covered="0"/><counter type="LINE" missed="2" covered="0"/><counter type="COMPLEXITY" missed="1" covered="0"/><counter type="METHOD" missed="1" covered="0"/></method><method name="isVip" desc="()Z" line="18"><counter type="INSTRUCTION" missed="0" covered="3"/><counter type="LINE" missed="0" covered="1"/><counter type="COMPLEXITY" missed="0" covered="1"/><counter type="METHOD" missed="0" covered="1"/></method><method name="setVip" desc="(Z)V" line="21"><counter type="INSTRUCTION" missed="4" covered="0"/><counter type="LINE" missed="2" covered="0"/><counter type="COMPLEXITY" missed="1" covered="0"/><counter type="METHOD" missed="1" covered="0"/></method><counter type="INSTRUCTION" missed="11" covered="12"/><counter type="LINE" missed="5" covered="5"/><counter type="COMPLEXITY" missed="3" covered="2"/><counter type="METHOD" missed="3" covered="2"/><counter type="CLASS" missed="0" covered="1"/></class><class name="com/myapp/tdd/junit5/Flight" sourcefilename="Flight.java"><method name="&lt;init&gt;" desc="(Ljava/lang/String;Ljava/lang/String;)V" line="7"><counter type="INSTRUCTION" missed="0" covered="14"/><counter type="LINE" missed="0" covered="5"/><counter type="COMPLEXITY" missed="0" covered="1"/><counter type="METHOD" missed="0" covered="1"/></method><method name="getId" desc="()Ljava/lang/String;" line="17"><counter type="INSTRUCTION" missed="3" covered="0"/><counter type="LINE" missed="1" covered="0"/><counter type="COMPLEXITY" missed="1" covered="0"/><counter type="METHOD" missed="1" covered="0"/></method><method name="setId" desc="(Ljava/lang/String;)V" line="21"><counter type="INSTRUCTION" missed="4" covered="0"/><counter type="LINE" missed="2" covered="0"/><counter type="COMPLEXITY" missed="1" covered="0"/><counter type="METHOD" missed="1" covered="0"/></method><method name="getList" desc="()Ljava/util/List;" line="25"><counter type="INSTRUCTION" missed="3" covered="0"/><counter type="LINE" missed="1" covered="0"/><counter type="COMPLEXITY" missed="1" covered="0"/><counter type="METHOD" missed="1" covered="0"/></method><method name="setList" desc="(Ljava/util/List;)V" line="29"><counter type="INSTRUCTION" missed="4" covered="0"/><counter type="LINE" missed="2" covered="0"/><counter type="COMPLEXITY" missed="1" covered="0"/><counter type="METHOD" missed="1" covered="0"/></method><method name="getFlightType" desc="()Ljava/lang/String;" line="33"><counter type="INSTRUCTION" missed="3" covered="0"/><counter type="LINE" missed="1" covered="0"/><counter type="COMPLEXITY" missed="1" covered="0"/><counter type="METHOD" missed="1" covered="0"/></method><method name="setFlightType" desc="(Ljava/lang/String;)V" line="37"><counter type="INSTRUCTION" missed="4" covered="0"/><counter type="LINE" missed="2" covered="0"/><counter type="COMPLEXITY" missed="1" covered="0"/><counter type="METHOD" missed="1" covered="0"/></method><method name="addPassenger" desc="(Lcom/myapp/tdd/junit5/Passenger;)Z" line="41"><counter type="INSTRUCTION" missed="13" covered="24"/><counter type="BRANCH" missed="1" covered="4"/><counter type="LINE" missed="1" covered="5"/><counter type="COMPLEXITY" missed="1" covered="3"/><counter type="METHOD" missed="0" covered="1"/></method><method name="removePassenger" desc="(Lcom/myapp/tdd/junit5/Passenger;)Z" line="55"><counter type="INSTRUCTION" missed="13" covered="16"/><counter type="BRANCH" missed="1" covered="4"/><counter type="LINE" missed="1" covered="4"/><counter type="COMPLEXITY" missed="1" covered="3"/><counter type="METHOD" missed="0" covered="1"/></method><counter type="INSTRUCTION" missed="47" covered="54"/><counter type="BRANCH" missed="2" covered="8"/><counter type="LINE" missed="11" covered="14"/><counter type="COMPLEXITY" missed="8" covered="7"/><counter type="METHOD" missed="6" covered="3"/><counter type="CLASS" missed="0" covered="1"/></class><sourcefile name="Flight.java"><line nr="7" mi="0" ci="5" mb="0" cb="0"/><line nr="11" mi="0" ci="2" mb="0" cb="0"/><line nr="12" mi="0" ci="3" mb="0" cb="0"/><line nr="13" mi="0" ci="3" mb="0" cb="0"/><line nr="14" mi="0" ci="1" mb="0" cb="0"/><line nr="17" mi="3" ci="0" mb="0" cb="0"/><line nr="21" mi="3" ci="0" mb="0" cb="0"/><line nr="22" mi="1" ci="0" mb="0" cb="0"/><line nr="25" mi="3" ci="0" mb="0" cb="0"/><line nr="29" mi="3" ci="0" mb="0" cb="0"/><line nr="30" mi="1" ci="0" mb="0" cb="0"/><line nr="33" mi="3" ci="0" mb="0" cb="0"/><line nr="37" mi="3" ci="0" mb="0" cb="0"/><line nr="38" mi="1" ci="0" mb="0" cb="0"/><line nr="41" mi="0" ci="9" mb="1" cb="2"/><line nr="43" mi="0" ci="5" mb="0" cb="0"/><line nr="45" mi="0" ci="3" mb="0" cb="2"/><line nr="46" mi="0" ci="5" mb="0" cb="0"/><line nr="48" mi="0" ci="2" mb="0" cb="0"/><line nr="50" mi="13" ci="0" mb="0" cb="0"/><line nr="55" mi="0" ci="9" mb="1" cb="2"/><line nr="59" mi="0" ci="3" mb="0" cb="2"/><line nr="60" mi="0" ci="2" mb="0" cb="0"/><line nr="65" mi="0" ci="2" mb="0" cb="0"/><line nr="68" mi="13" ci="0" mb="0" cb="0"/><counter type="INSTRUCTION" missed="47" covered="54"/><counter type="BRANCH" missed="2" covered="8"/><counter type="LINE" missed="11" covered="14"/><counter type="COMPLEXITY" missed="8" covered="7"/><counter type="METHOD" missed="6" covered="3"/><counter type="CLASS" missed="0" covered="1"/></sourcefile><sourcefile name="Passenger.java"><line nr="7" mi="0" ci="2" mb="0" cb="0"/><line nr="8" mi="0" ci="3" mb="0" cb="0"/><line nr="9" mi="0" ci="3" mb="0" cb="0"/><line nr="10" mi="0" ci="1" mb="0" cb="0"/><line nr="12" mi="3" ci="0" mb="0" cb="0"/><line nr="15" mi="3" ci="0" mb="0" cb="0"/><line nr="16" mi="1" ci="0" mb="0" cb="0"/><line nr="18" mi="0" ci="3" mb="0" cb="0"/><line nr="21" mi="3" ci="0" mb="0" cb="0"/><line nr="22" mi="1" ci="0" mb="0" cb="0"/><counter type="INSTRUCTION" missed="11" covered="12"/><counter type="LINE" missed="5" covered="5"/><counter type="COMPLEXITY" missed="3" covered="2"/><counter type="METHOD" missed="3" covered="2"/><counter type="CLASS" missed="0" covered="1"/></sourcefile><counter type="INSTRUCTION" missed="58" covered="66"/><counter type="BRANCH" missed="2" covered="8"/><counter type="LINE" missed="16" covered="19"/><counter type="COMPLEXITY" missed="11" covered="9"/><counter type="METHOD" missed="9" covered="5"/><counter type="CLASS" missed="0" covered="2"/></package><counter type="INSTRUCTION" missed="58" covered="66"/><counter type="BRANCH" missed="2" covered="8"/><counter type="LINE" missed="16" covered="19"/><counter type="COMPLEXITY" missed="11" covered="9"/><counter type="METHOD" missed="9" covered="5"/><counter type="CLASS" missed="0" covered="2"/></report>